\BOOKMARK [-1][-]{section*.2}{\376\377\000E\000x\000\040\000P\000r\000i\000n\000c\000i\000p\000i\000a}{}
\BOOKMARK [0][-]{chapter*.3}{\376\377\000P\000r\000o\000l\000o\000g\000u\000e}{section*.2}
\BOOKMARK [1][-]{section*.4}{\376\377\000T\000h\000e\000\040\000h\000u\000n\000t\000e\000r}{chapter*.3}
\BOOKMARK [1][-]{section*.5}{\376\377\000T\000h\000e\000\040\000d\000a\000n\000c\000e\000r}{chapter*.3}
\BOOKMARK [1][-]{section*.6}{\376\377\000T\000h\000e\000\040\000C\000u\000r\000a\000t\000o\000r}{chapter*.3}
\BOOKMARK [1][-]{section*.7}{\376\377\000T\000h\000e\000\040\000j\000e\000s\000t\000e\000r}{chapter*.3}
\BOOKMARK [1][-]{section*.8}{\376\377\000T\000h\000e\000\040\000b\000o\000a\000t\000m\000a\000n}{chapter*.3}
\BOOKMARK [1][-]{section*.9}{\376\377\000T\000h\000e\000\040\000P\000i\000l\000g\000r\000i\000m}{chapter*.3}
\BOOKMARK [0][-]{chapter*.10}{\376\377\000T\000h\000e\000\040\000C\000i\000t\000y\000\040\000o\000f\000\040\000P\000y\000r}{section*.2}
\BOOKMARK [1][-]{section*.11}{\376\377\000D\000a\000n\000g\000e\000r\000s\000\040\000o\000f\000\040\000t\000h\000e\000\040\000t\000r\000a\000d\000e}{chapter*.10}
\BOOKMARK [1][-]{section*.12}{\376\377\000N\000i\000g\000h\000t\000v\000e\000i\000l}{chapter*.10}
\BOOKMARK [1][-]{section*.13}{\376\377\000I\000n\000e\000s\000c\000a\000p\000a\000b\000l\000e\000\040\000R\000e\000a\000l\000i\000t\000y}{chapter*.10}
\BOOKMARK [1][-]{section*.14}{\376\377\000D\000a\000r\000k\000l\000y\000\040\000l\000i\000t\000\040\000n\000i\000g\000h\000t}{chapter*.10}
\BOOKMARK [1][-]{section*.15}{\376\377\000T\000h\000e\000\040\000m\000a\000r\000b\000l\000e\000\040\000r\000o\000a\000d}{chapter*.10}
\BOOKMARK [1][-]{section*.16}{\376\377\000U\000n\000d\000e\000r\000\040\000a\000\040\000l\000i\000v\000i\000d\000\040\000s\000k\000y}{chapter*.10}
\BOOKMARK [0][-]{chapter*.17}{\376\377\000F\000u\000l\000c\000r\000u\000m}{section*.2}
\BOOKMARK [1][-]{section*.18}{\376\377\000A\000\040\000l\000o\000n\000g\000\040\000a\000n\000d\000\040\000w\000i\000n\000d\000i\000n\000g\000\040\000p\000a\000t\000h}{chapter*.17}
\BOOKMARK [1][-]{section*.19}{\376\377\000G\000o\000s\000s\000a\000m\000e\000r\000\040\000T\000w\000i\000l\000i\000g\000h\000t}{chapter*.17}
\BOOKMARK [1][-]{section*.20}{\376\377\000O\000f\000\040\000t\000h\000e\000\040\000S\000u\000n\000\040\000a\000n\000d\000\040\000M\000o\000o\000n}{chapter*.17}
\BOOKMARK [1][-]{section*.21}{\376\377\000M\000a\000c\000h\000i\000n\000a\000\040\000S\000e\000g\000n\000i\000s}{chapter*.17}
\BOOKMARK [1][-]{section*.22}{\376\377\000T\000h\000e\000\040\000l\000o\000n\000g\000e\000s\000t\000\040\000e\000r\000r\000a\000n\000d}{chapter*.17}
\BOOKMARK [-1][-]{section*.23}{\376\377\000P\000e\000r\000\040\000A\000r\000d\000u\000a}{}
\BOOKMARK [0][-]{chapter*.24}{\376\377\000W\000i\000s\000h\000e\000s\000\040\000o\000f\000\040\000t\000h\000e\000\040\000U\000n\000h\000o\000l\000y}{section*.23}
\BOOKMARK [1][-]{section*.25}{\376\377\000C\000i\000r\000c\000u\000m\000s\000t\000a\000n\000c\000e\000\040\000a\000n\000d\000\040\000h\000a\000p\000p\000e\000n\000s\000t\000a\000n\000c\000e}{chapter*.24}
